c:\users\matthew\documents\github\asar\debug\asar.form1.resources
c:\users\matthew\documents\github\asar\debug\asar.pch
c:\users\matthew\documents\github\asar\debug\vc120.pdb
c:\users\matthew\documents\github\asar\debug\stdafx.obj
c:\users\matthew\documents\github\asar\debug\assemblyinfo.obj
c:\users\matthew\documents\github\asar\debug\asar.obj
c:\users\matthew\documents\github\asar\debug\.netframework,version=v4.5.assemblyattributes.obj
c:\users\matthew\documents\github\asar\debug\asar.exe
c:\users\matthew\documents\github\asar\debug\asar.pdb
c:\users\matthew\documents\github\asar\debug\app.res
c:\users\matthew\documents\github\asar\debug\asar.vcxproj.generateresource.cache
c:\users\matthew\documents\github\asar\debug\asar.vcxprojresolveassemblyreference.cache
c:\users\matthew\documents\github\asar\debug\asar.exe.metagen
c:\users\matthew\documents\github\asar\debug\asar.tlog\asar.write.1u.tlog
c:\users\matthew\documents\github\asar\debug\asar.tlog\cl.command.1.tlog
c:\users\matthew\documents\github\asar\debug\asar.tlog\cl.read.1.tlog
c:\users\matthew\documents\github\asar\debug\asar.tlog\cl.write.1.tlog
c:\users\matthew\documents\github\asar\debug\asar.tlog\link.command.1.tlog
c:\users\matthew\documents\github\asar\debug\asar.tlog\link.read.1.tlog
c:\users\matthew\documents\github\asar\debug\asar.tlog\link.write.1.tlog
c:\users\matthew\documents\github\asar\debug\asar.tlog\metagen.read.1.tlog
c:\users\matthew\documents\github\asar\debug\asar.tlog\metagen.write.1.tlog
c:\users\matthew\documents\github\asar\debug\asar.tlog\rc.command.1.tlog
c:\users\matthew\documents\github\asar\debug\asar.tlog\rc.read.1.tlog
c:\users\matthew\documents\github\asar\debug\asar.tlog\rc.write.1.tlog
c:\users\matthew\documents\github\asar\debug\asar.tlog\tzres.dll.bi
